# JRE version: OpenJDK Runtime Environment Temurin-21.0.5+11 (21.0.5+11) (build 21.0.5+11-LTS)
# Java VM: OpenJDK 64-Bit Server VM Temurin-21.0.5+11 (21.0.5+11-LTS, mixed mode, sharing, tiered, compressed oops, compressed class ptrs, parallel gc, windows-amd64)
GC Precious Log:
 CardTable entry size: 512
 CPUs: 8 total, 8 available
 Memory: 3317M
 Large Page Support: Disabled
 NUMA Support: Disabled
 Compressed Oops: Enabled (32-bit)
 Alignments: Space 512K, Generation 512K, Heap 2M
 Heap Min Capacity: 100M
 Heap Initial Capacity: 100M
 Heap Max Capacity: 1G
 Pre-touch: Disabled
 Parallel Workers: 8
Heap:
 PSYoungGen      total 17920K, used 9207K [0x00000000eab00000, 0x00000000ec200000, 0x0000000100000000)
  eden space 12800K, 34% used [0x00000000eab00000,0x00000000eaf577d0,0x00000000eb780000)
  from space 5120K, 93% used [0x00000000ebd00000,0x00000000ec1a6678,0x00000000ec200000)
  to   space 5120K, 0% used [0x00000000eb800000,0x00000000eb800000,0x00000000ebd00000)
 ParOldGen       total 72192K, used 71781K [0x00000000c0000000, 0x00000000c4680000, 0x00000000eab00000)
  object space 72192K, 99% used [0x00000000c0000000,0x00000000c46197a0,0x00000000c4680000)
 Metaspace       used 69280K, committed 70720K, reserved 1114112K
  class space    used 7237K, committed 7872K, reserved 1048576K
GC Heap History (20 events):
Event: 62.420 GC heap before
{Heap before GC invocations=66 (full 3):
 PSYoungGen      total 14848K, used 14376K [0x00000000eab00000, 0x00000000ebb00000, 0x0000000100000000)
  eden space 13824K, 100% used [0x00000000eab00000,0x00000000eb880000,0x00000000eb880000)
  from space 1024K, 53% used [0x00000000eba00000,0x00000000eba8a188,0x00000000ebb00000)
  to   space 1024K, 0% used [0x00000000eb900000,0x00000000eb900000,0x00000000eba00000)
 ParOldGen       total 68608K, used 63028K [0x00000000c0000000, 0x00000000c4300000, 0x00000000eab00000)
  object space 68608K, 91% used [0x00000000c0000000,0x00000000c3d8d360,0x00000000c4300000)
 Metaspace       used 64472K, committed 65728K, reserved 1114112K
  class space    used 6740K, committed 7296K, reserved 1048576K
}
Event: 62.421 GC heap after
{Heap after GC invocations=66 (full 3):
 PSYoungGen      total 14848K, used 856K [0x00000000eab00000, 0x00000000eba80000, 0x0000000100000000)
  eden space 13824K, 0% used [0x00000000eab00000,0x00000000eab00000,0x00000000eb880000)
  from space 1024K, 83% used [0x00000000eb900000,0x00000000eb9d6028,0x00000000eba00000)
  to   space 512K, 0% used [0x00000000eba00000,0x00000000eba00000,0x00000000eba80000)
 ParOldGen       total 68608K, used 63518K [0x00000000c0000000, 0x00000000c4300000, 0x00000000eab00000)
  object space 68608K, 92% used [0x00000000c0000000,0x00000000c3e07918,0x00000000c4300000)
 Metaspace       used 64472K, committed 65728K, reserved 1114112K
  class space    used 6740K, committed 7296K, reserved 1048576K
}
Event: 62.620 GC heap before
{Heap before GC invocations=67 (full 3):
 PSYoungGen      total 14848K, used 14680K [0x00000000eab00000, 0x00000000eba80000, 0x0000000100000000)
  eden space 13824K, 100% used [0x00000000eab00000,0x00000000eb880000,0x00000000eb880000)
  from space 1024K, 83% used [0x00000000eb900000,0x00000000eb9d6028,0x00000000eba00000)
  to   space 512K, 0% used [0x00000000eba00000,0x00000000eba00000,0x00000000eba80000)
 ParOldGen       total 68608K, used 63518K [0x00000000c0000000, 0x00000000c4300000, 0x00000000eab00000)
  object space 68608K, 92% used [0x00000000c0000000,0x00000000c3e07918,0x00000000c4300000)
 Metaspace       used 64475K, committed 65728K, reserved 1114112K
  class space    used 6740K, committed 7296K, reserved 1048576K
}
Event: 62.621 GC heap after
{Heap after GC invocations=67 (full 3):
 PSYoungGen      total 14336K, used 497K [0x00000000eab00000, 0x00000000ebb80000, 0x0000000100000000)
  eden space 13824K, 0% used [0x00000000eab00000,0x00000000eab00000,0x00000000eb880000)
  from space 512K, 97% used [0x00000000eba00000,0x00000000eba7c788,0x00000000eba80000)
  to   space 1536K, 0% used [0x00000000eb880000,0x00000000eb880000,0x00000000eba00000)
 ParOldGen       total 68608K, used 64302K [0x00000000c0000000, 0x00000000c4300000, 0x00000000eab00000)
  object space 68608K, 93% used [0x00000000c0000000,0x00000000c3ecbb38,0x00000000c4300000)
 Metaspace       used 64475K, committed 65728K, reserved 1114112K
  class space    used 6740K, committed 7296K, reserved 1048576K
}
Event: 62.810 GC heap before
{Heap before GC invocations=68 (full 3):
 PSYoungGen      total 14336K, used 14320K [0x00000000eab00000, 0x00000000ebb80000, 0x0000000100000000)
  eden space 13824K, 99% used [0x00000000eab00000,0x00000000eb87fc70,0x00000000eb880000)
  from space 512K, 97% used [0x00000000eba00000,0x00000000eba7c788,0x00000000eba80000)
  to   space 1536K, 0% used [0x00000000eb880000,0x00000000eb880000,0x00000000eba00000)
 ParOldGen       total 68608K, used 64302K [0x00000000c0000000, 0x00000000c4300000, 0x00000000eab00000)
  object space 68608K, 93% used [0x00000000c0000000,0x00000000c3ecbb38,0x00000000c4300000)
 Metaspace       used 64574K, committed 65792K, reserved 1114112K
  class space    used 6748K, committed 7296K, reserved 1048576K
}
Event: 62.818 GC heap after
{Heap after GC invocations=68 (full 3):
 PSYoungGen      total 14848K, used 706K [0x00000000eab00000, 0x00000000eba80000, 0x0000000100000000)
  eden space 13824K, 0% used [0x00000000eab00000,0x00000000eab00000,0x00000000eb880000)
  from space 1024K, 69% used [0x00000000eb880000,0x00000000eb930b60,0x00000000eb980000)
  to   space 1024K, 0% used [0x00000000eb980000,0x00000000eb980000,0x00000000eba80000)
 ParOldGen       total 68608K, used 64788K [0x00000000c0000000, 0x00000000c4300000, 0x00000000eab00000)
  object space 68608K, 94% used [0x00000000c0000000,0x00000000c3f45368,0x00000000c4300000)
 Metaspace       used 64574K, committed 65792K, reserved 1114112K
  class space    used 6748K, committed 7296K, reserved 1048576K
}
Event: 63.313 GC heap before
{Heap before GC invocations=69 (full 3):
 PSYoungGen      total 14848K, used 14530K [0x00000000eab00000, 0x00000000eba80000, 0x0000000100000000)
  eden space 13824K, 100% used [0x00000000eab00000,0x00000000eb880000,0x00000000eb880000)
  from space 1024K, 69% used [0x00000000eb880000,0x00000000eb930b60,0x00000000eb980000)
  to   space 1024K, 0% used [0x00000000eb980000,0x00000000eb980000,0x00000000eba80000)
 ParOldGen       total 68608K, used 64788K [0x00000000c0000000, 0x00000000c4300000, 0x00000000eab00000)
  object space 68608K, 94% used [0x00000000c0000000,0x00000000c3f45368,0x00000000c4300000)
 Metaspace       used 65270K, committed 66560K, reserved 1114112K
  class space    used 6802K, committed 7360K, reserved 1048576K
}
Event: 63.315 GC heap after
{Heap after GC invocations=69 (full 3):
 PSYoungGen      total 13824K, used 1002K [0x00000000eab00000, 0x00000000ebc80000, 0x0000000100000000)
  eden space 12800K, 0% used [0x00000000eab00000,0x00000000eab00000,0x00000000eb780000)
  from space 1024K, 97% used [0x00000000eb980000,0x00000000eba7a870,0x00000000eba80000)
  to   space 2048K, 0% used [0x00000000eb780000,0x00000000eb780000,0x00000000eb980000)
 ParOldGen       total 68608K, used 65332K [0x00000000c0000000, 0x00000000c4300000, 0x00000000eab00000)
  object space 68608K, 95% used [0x00000000c0000000,0x00000000c3fcd368,0x00000000c4300000)
 Metaspace       used 65270K, committed 66560K, reserved 1114112K
  class space    used 6802K, committed 7360K, reserved 1048576K
}
Event: 63.413 GC heap before
{Heap before GC invocations=70 (full 3):
 PSYoungGen      total 13824K, used 13802K [0x00000000eab00000, 0x00000000ebc80000, 0x0000000100000000)
  eden space 12800K, 99% used [0x00000000eab00000,0x00000000eb77ffc0,0x00000000eb780000)
  from space 1024K, 97% used [0x00000000eb980000,0x00000000eba7a870,0x00000000eba80000)
  to   space 2048K, 0% used [0x00000000eb780000,0x00000000eb780000,0x00000000eb980000)
 ParOldGen       total 68608K, used 65332K [0x00000000c0000000, 0x00000000c4300000, 0x00000000eab00000)
  object space 68608K, 95% used [0x00000000c0000000,0x00000000c3fcd368,0x00000000c4300000)
 Metaspace       used 65288K, committed 66560K, reserved 1114112K
  class space    used 6804K, committed 7360K, reserved 1048576K
}
Event: 63.417 GC heap after
{Heap after GC invocations=70 (full 3):
 PSYoungGen      total 13312K, used 256K [0x00000000eab00000, 0x00000000eba00000, 0x0000000100000000)
  eden space 12800K, 0% used [0x00000000eab00000,0x00000000eab00000,0x00000000eb780000)
  from space 512K, 50% used [0x00000000eb780000,0x00000000eb7c0020,0x00000000eb800000)
  to   space 1024K, 0% used [0x00000000eb900000,0x00000000eb900000,0x00000000eba00000)
 ParOldGen       total 68608K, used 66354K [0x00000000c0000000, 0x00000000c4300000, 0x00000000eab00000)
  object space 68608K, 96% used [0x00000000c0000000,0x00000000c40cc998,0x00000000c4300000)
 Metaspace       used 65288K, committed 66560K, reserved 1114112K
  class space    used 6804K, committed 7360K, reserved 1048576K
}
Event: 64.280 GC heap before
{Heap before GC invocations=71 (full 3):
 PSYoungGen      total 13312K, used 13056K [0x00000000eab00000, 0x00000000eba00000, 0x0000000100000000)
  eden space 12800K, 100% used [0x00000000eab00000,0x00000000eb780000,0x00000000eb780000)
  from space 512K, 50% used [0x00000000eb780000,0x00000000eb7c0020,0x00000000eb800000)
  to   space 1024K, 0% used [0x00000000eb900000,0x00000000eb900000,0x00000000eba00000)
 ParOldGen       total 68608K, used 66354K [0x00000000c0000000, 0x00000000c4300000, 0x00000000eab00000)
  object space 68608K, 96% used [0x00000000c0000000,0x00000000c40cc998,0x00000000c4300000)
 Metaspace       used 65790K, committed 67072K, reserved 1114112K
  class space    used 6845K, committed 7424K, reserved 1048576K
}
Event: 64.281 GC heap after
{Heap after GC invocations=71 (full 3):
 PSYoungGen      total 13312K, used 505K [0x00000000eab00000, 0x00000000eb980000, 0x0000000100000000)
  eden space 12800K, 0% used [0x00000000eab00000,0x00000000eab00000,0x00000000eb780000)
  from space 512K, 98% used [0x00000000eb900000,0x00000000eb97e470,0x00000000eb980000)
  to   space 1024K, 0% used [0x00000000eb780000,0x00000000eb780000,0x00000000eb880000)
 ParOldGen       total 68608K, used 66482K [0x00000000c0000000, 0x00000000c4300000, 0x00000000eab00000)
  object space 68608K, 96% used [0x00000000c0000000,0x00000000c40ec9b8,0x00000000c4300000)
 Metaspace       used 65790K, committed 67072K, reserved 1114112K
  class space    used 6845K, committed 7424K, reserved 1048576K
}
Event: 64.793 GC heap before
{Heap before GC invocations=72 (full 3):
 PSYoungGen      total 13312K, used 13305K [0x00000000eab00000, 0x00000000eb980000, 0x0000000100000000)
  eden space 12800K, 100% used [0x00000000eab00000,0x00000000eb780000,0x00000000eb780000)
  from space 512K, 98% used [0x00000000eb900000,0x00000000eb97e470,0x00000000eb980000)
  to   space 1024K, 0% used [0x00000000eb780000,0x00000000eb780000,0x00000000eb880000)
 ParOldGen       total 68608K, used 66482K [0x00000000c0000000, 0x00000000c4300000, 0x00000000eab00000)
  object space 68608K, 96% used [0x00000000c0000000,0x00000000c40ec9b8,0x00000000c4300000)
 Metaspace       used 66791K, committed 68160K, reserved 1114112K
  class space    used 6965K, committed 7552K, reserved 1048576K
}
Event: 64.796 GC heap after
{Heap after GC invocations=72 (full 3):
 PSYoungGen      total 13824K, used 1022K [0x00000000eab00000, 0x00000000ebd80000, 0x0000000100000000)
  eden space 12800K, 0% used [0x00000000eab00000,0x00000000eab00000,0x00000000eb780000)
  from space 1024K, 99% used [0x00000000eb780000,0x00000000eb87fb78,0x00000000eb880000)
  to   space 3072K, 0% used [0x00000000eba80000,0x00000000eba80000,0x00000000ebd80000)
 ParOldGen       total 68608K, used 67916K [0x00000000c0000000, 0x00000000c4300000, 0x00000000eab00000)
  object space 68608K, 98% used [0x00000000c0000000,0x00000000c4253368,0x00000000c4300000)
 Metaspace       used 66791K, committed 68160K, reserved 1114112K
  class space    used 6965K, committed 7552K, reserved 1048576K
}
Event: 65.097 GC heap before
{Heap before GC invocations=73 (full 3):
 PSYoungGen      total 13824K, used 13723K [0x00000000eab00000, 0x00000000ebd80000, 0x0000000100000000)
  eden space 12800K, 99% used [0x00000000eab00000,0x00000000eb767460,0x00000000eb780000)
  from space 1024K, 99% used [0x00000000eb780000,0x00000000eb87fb78,0x00000000eb880000)
  to   space 3072K, 0% used [0x00000000eba80000,0x00000000eba80000,0x00000000ebd80000)
 ParOldGen       total 68608K, used 67916K [0x00000000c0000000, 0x00000000c4300000, 0x00000000eab00000)
  object space 68608K, 98% used [0x00000000c0000000,0x00000000c4253368,0x00000000c4300000)
 Metaspace       used 67702K, committed 69120K, reserved 1114112K
  class space    used 7069K, committed 7680K, reserved 1048576K
}
Event: 65.099 GC heap after
{Heap after GC invocations=73 (full 3):
 PSYoungGen      total 14336K, used 1438K [0x00000000eab00000, 0x00000000ebc00000, 0x0000000100000000)
  eden space 12800K, 0% used [0x00000000eab00000,0x00000000eab00000,0x00000000eb780000)
  from space 1536K, 93% used [0x00000000eba80000,0x00000000ebbe7930,0x00000000ebc00000)
  to   space 2048K, 0% used [0x00000000eb800000,0x00000000eb800000,0x00000000eba00000)
 ParOldGen       total 69120K, used 68786K [0x00000000c0000000, 0x00000000c4380000, 0x00000000eab00000)
  object space 69120K, 99% used [0x00000000c0000000,0x00000000c432ca28,0x00000000c4380000)
 Metaspace       used 67702K, committed 69120K, reserved 1114112K
  class space    used 7069K, committed 7680K, reserved 1048576K
}
Event: 65.429 GC heap before
{Heap before GC invocations=74 (full 3):
 PSYoungGen      total 14336K, used 14238K [0x00000000eab00000, 0x00000000ebc00000, 0x0000000100000000)
  eden space 12800K, 100% used [0x00000000eab00000,0x00000000eb780000,0x00000000eb780000)
  from space 1536K, 93% used [0x00000000eba80000,0x00000000ebbe7930,0x00000000ebc00000)
  to   space 2048K, 0% used [0x00000000eb800000,0x00000000eb800000,0x00000000eba00000)
 ParOldGen       total 69120K, used 68786K [0x00000000c0000000, 0x00000000c4380000, 0x00000000eab00000)
  object space 69120K, 99% used [0x00000000c0000000,0x00000000c432ca28,0x00000000c4380000)
 Metaspace       used 68367K, committed 69760K, reserved 1114112K
  class space    used 7122K, committed 7680K, reserved 1048576K
}
Event: 65.432 GC heap after
{Heap after GC invocations=74 (full 3):
 PSYoungGen      total 14848K, used 2045K [0x00000000eab00000, 0x00000000ec280000, 0x0000000100000000)
  eden space 12800K, 0% used [0x00000000eab00000,0x00000000eab00000,0x00000000eb780000)
  from space 2048K, 99% used [0x00000000eb800000,0x00000000eb9ff608,0x00000000eba00000)
  to   space 5632K, 0% used [0x00000000ebd00000,0x00000000ebd00000,0x00000000ec280000)
 ParOldGen       total 71680K, used 71376K [0x00000000c0000000, 0x00000000c4600000, 0x00000000eab00000)
  object space 71680K, 99% used [0x00000000c0000000,0x00000000c45b42c8,0x00000000c4600000)
 Metaspace       used 68367K, committed 69760K, reserved 1114112K
  class space    used 7122K, committed 7680K, reserved 1048576K
}
Event: 65.711 GC heap before
{Heap before GC invocations=75 (full 3):
 PSYoungGen      total 14848K, used 14822K [0x00000000eab00000, 0x00000000ec280000, 0x0000000100000000)
  eden space 12800K, 99% used [0x00000000eab00000,0x00000000eb77a200,0x00000000eb780000)
  from space 2048K, 99% used [0x00000000eb800000,0x00000000eb9ff608,0x00000000eba00000)
  to   space 5632K, 0% used [0x00000000ebd00000,0x00000000ebd00000,0x00000000ec280000)
 ParOldGen       total 71680K, used 71376K [0x00000000c0000000, 0x00000000c4600000, 0x00000000eab00000)
  object space 71680K, 99% used [0x00000000c0000000,0x00000000c45b42c8,0x00000000c4600000)
 Metaspace       used 69142K, committed 70528K, reserved 1114112K
  class space    used 7216K, committed 7808K, reserved 1048576K
}
Event: 65.715 GC heap after
{Heap after GC invocations=75 (full 3):
 PSYoungGen      total 17920K, used 4761K [0x00000000eab00000, 0x00000000ec200000, 0x0000000100000000)
  eden space 12800K, 0% used [0x00000000eab00000,0x00000000eab00000,0x00000000eb780000)
  from space 5120K, 93% used [0x00000000ebd00000,0x00000000ec1a6678,0x00000000ec200000)
  to   space 5120K, 0% used [0x00000000eb800000,0x00000000eb800000,0x00000000ebd00000)
 ParOldGen       total 72192K, used 71781K [0x00000000c0000000, 0x00000000c4680000, 0x00000000eab00000)
  object space 72192K, 99% used [0x00000000c0000000,0x00000000c46197a0,0x00000000c4680000)
 Metaspace       used 69142K, committed 70528K, reserved 1114112K
  class space    used 7216K, committed 7808K, reserved 1048576K
}

